#set( $symbol_pound = '#' )
#set( $symbol_dollar = '$' )
#set( $symbol_escape = '\' )
<?xml version="1.0" encoding="UTF-8"?>
<!-- Generated by org.testng.reporters.JUnitReportReporter -->
<testsuite hostname="ATMECSINDT-080" failures="0" tests="1" name="${package}.testbase.InvokeBrowser" time="17.430" errors="0" timestamp="23 Sep 2019 12:55:16 GMT" skipped="0">
  <testcase classname="${package}.testbase.InvokeBrowser" name="setup" time="17.430"/>
</testsuite> <!-- ${package}.testbase.InvokeBrowser -->
